android/app/mapping.txt
# compiler: R8
# compiler_version: 8.7.18
# min_api: 24
# common_typos_disable
# {"id":"com.android.tools.r8.mapping","version":"2.2"}
# pg_map_id: d51bbc5
# pg_map_hash: SHA-256 d51bbc54b64d71dccdb815d6d3c23ceb3b0b9dcc17bf126e7a24f04428347951
com.awesomeproject.MainActivity -> com.awesomeproject.MainActivity:
# {"id":"sourceFile","fileName":"MainActivity.kt"}
    1:4:void <init>():11:11 -> <init>
    1:14:com.facebook.react.ReactActivityDelegate createReactActivityDelegate():24:24 -> Il1_O0Q
      # {"id":"com.android.tools.r8.residualsignature","signature":"()Lhr0;"}
    2:5:void onCreate(android.os.Bundle):28:28 -> onCreate
    1:3:void onResume():32:32 -> onResume
    4:14:void onResume():33:33 -> onResume
    1:3:java.lang.String getMainComponentName():17:17 -> αβγ_$
com.awesomeproject.MainActivity$onResume$1 -> com.awesomeproject.MainActivity$aZ:
# {"id":"sourceFile","fileName":"MainActivity.kt"}
    com.awesomeproject.MainActivity this$0 -> eV
    11:21:void invoke(java.lang.String,java.lang.String):34:34 -> aZ
    1:10:java.lang.Object invoke(java.lang.Object,java.lang.Object):33:33 -> fU
com.awesomeproject.MainApplication -> com.awesomeproject.MainApplication:
# {"id":"sourceFile","fileName":"MainApplication.kt"}
    com.facebook.react.ReactNativeHost reactNativeHost -> eV
      # {"id":"com.android.tools.r8.residualsignature","signature":"Lev0;"}
    1:3:void <init>():20:20 -> <init>
    4:11:void <init>():23:23 -> <init>
    1:3:com.facebook.react.ReactNativeHost getReactNativeHost():22:22 -> aZ
      # {"id":"com.android.tools.r8.residualsignature","signature":"()Lev0;"}
    1:18:com.facebook.react.ReactHost getReactHost():40:40 -> bY
      # {"id":"com.android.tools.r8.residualsignature","signature":"()Los0;"}
    6:10:void onActivityResumed(android.app.Activity):55:55 -> onActivityResumed
    11:18:void onActivityResumed(android.app.Activity):56:56 -> onActivityResumed
    1:3:void onCreate():43:43 -> onCreate
    4:11:void onCreate():44:44 -> onCreate
    12:15:void onCreate():47:47 -> onCreate
com.awesomeproject.MainApplication$onActivityResumed$1 -> com.awesomeproject.MainApplication$aZ:
# {"id":"sourceFile","fileName":"MainApplication.kt"}
    com.awesomeproject.MainApplication$onActivityResumed$1 INSTANCE -> eV
      # {"id":"com.android.tools.r8.residualsignature","signature":"Lcom/awesomeproject/MainApplication$aZ;"}
    1:1:void invoke(java.lang.String,java.lang.String):0:0 -> aZ
    1:10:java.lang.Object invoke(java.lang.Object,java.lang.Object):56:56 -> fU
com.awesomeproject.MainApplication$reactNativeHost$1 -> com.awesomeproject.MainApplication$bY:
# {"id":"sourceFile","fileName":"MainApplication.kt"}
    boolean isNewArchEnabled -> cX
    boolean isHermesEnabled -> dW
    1:4:void <init>(com.awesomeproject.MainApplication):23:23 -> <init>
    5:6:void <init>(com.awesomeproject.MainApplication):35:35 -> <init>
    7:9:void <init>(com.awesomeproject.MainApplication):36:36 -> <init>
    1:3:java.lang.String getJSMainModuleName():31:31 -> jQ
    1:9:java.util.List getPackages():25:25 -> mN
    10:17:java.util.List getPackages():28:28 -> mN
    18:23:java.util.List getPackages():25:25 -> mN
    1:1:boolean getUseDeveloperSupport():0:0 -> uF
    1:7:java.lang.Boolean isHermesEnabled():36:36 -> yB
    1:3:boolean isNewArchEnabled():35:35 -> zA
com.awesomeproject.R$id -> no0:
    int btn_close_app -> aZ
    int tv_issue_description -> bY
    int tv_issue_title -> cX
com.awesomeproject.R$layout -> ro0:
    int activity_security_issue -> aZ
...
androidx.constraintlayout.core.widgets.analyzer.WidgetRun$RunType -> ok1$bY:
# {"id":"sourceFile","fileName":"WidgetRun.java"}
    androidx.constraintlayout.core.widgets.analyzer.WidgetRun$RunType NONE -> eV
      # {"id":"com.android.tools.r8.residualsignature","signature":"Lok1$bY;"}
    androidx.constraintlayout.core.widgets.analyzer.WidgetRun$RunType START -> fU
      # {"id":"com.android.tools.r8.residualsignature","signature":"Lok1$bY;"}
    androidx.constraintlayout.core.widgets.analyzer.WidgetRun$RunType END -> gT
      # {"id":"com.android.tools.r8.residualsignature","signature":"Lok1$bY;"}
    androidx.constraintlayout.core.widgets.analyzer.WidgetRun$RunType CENTER -> hS
      # {"id":"com.android.tools.r8.residualsignature","signature":"Lok1$bY;"}
    androidx.constraintlayout.core.widgets.analyzer.WidgetRun$RunType[] $VALUES -> iR
      # {"id":"com.android.tools.r8.residualsignature","signature":"[Lok1$bY;"}
    1:47:void <clinit>():345:345 -> <clinit>
    1:4:void <init>(java.lang.String,int):345:345 -> <init>
    1:13:androidx.constraintlayout.core.widgets.analyzer.WidgetRun$RunType[] $values():345:345 -> aZ
      # {"id":"com.android.tools.r8.residualsignature","signature":"()[Lok1$bY;"}
    1:9:androidx.constraintlayout.core.widgets.analyzer.WidgetRun$RunType valueOf(java.lang.String):345:345 -> valueOf
      # {"id":"com.android.tools.r8.residualsignature","signature":"(Ljava/lang/String;)Lok1$bY;"}
androidx.constraintlayout.helper.widget.Flow -> androidx.constraintlayout.helper.widget.Flow:
# {"id":"sourceFile","fileName":"Flow.java"}
    androidx.constraintlayout.core.widgets.Flow mFlow -> pK
      # {"id":"com.android.tools.r8.residualsignature","signature":"Lwu;"}
    1:4:void <init>(android.content.Context,android.util.AttributeSet):147:147 -> <init>
    1:3:void init(android.util.AttributeSet):223:223 -> iR
    4:12:void init(android.util.AttributeSet):224:224 -> iR
    13:22:void init(android.util.AttributeSet):226:226 -> iR
    23:30:void init(android.util.AttributeSet):228:228 -> iR
    31:34:void init(android.util.AttributeSet):230:230 -> iR
    35:38:void init(android.util.AttributeSet):231:231 -> iR
    39:49:void init(android.util.AttributeSet):232:232 -> iR
    50:53:void init(android.util.AttributeSet):233:233 -> iR
    54:64:void init(android.util.AttributeSet):234:234 -> iR
    65:68:void init(android.util.AttributeSet):235:235 -> iR
    69:79:void init(android.util.AttributeSet):236:236 -> iR
    80:83:void init(android.util.AttributeSet):237:237 -> iR
    84:94:void init(android.util.AttributeSet):238:238 -> iR
    95:98:void init(android.util.AttributeSet):239:239 -> iR
    99:109:void init(android.util.AttributeSet):240:240 -> iR
    110:113:void init(android.util.AttributeSet):241:241 -> iR
    114:124:void init(android.util.AttributeSet):242:242 -> iR
    125:128:void init(android.util.AttributeSet):243:243 -> iR
androidx.constraintlayout.motion.widget.Debug -> ih:
# {"id":"sourceFile","fileName":"Debug.java"}
    1:4:java.lang.String getName(android.view.View):88:88 -> aZ
    5:17:java.lang.String getName(android.view.View):89:89 -> aZ
    18:20:java.lang.String getName(android.view.View):91:91 -> aZ
androidx.constraintlayout.motion.widget.MotionLayout -> be0:
# {"id":"sourceFile","fileName":"MotionLayout.java"}
    boolean IS_IN_EDIT_MODE -> ᄃ